[debug] [2018-01-31T08:49:27.469Z] ----------------------------------------------------------------------
[debug] [2018-01-31T08:49:27.469Z] Command:       C:\Program Files\nodejs\node.exe C:\Users\ancas\AppData\Roaming\npm\node_modules\firebase-tools\bin\firebase serve
[debug] [2018-01-31T08:49:27.469Z] CLI Version:   3.17.4
[debug] [2018-01-31T08:49:27.469Z] Platform:      win32
[debug] [2018-01-31T08:49:27.469Z] Node Version:  v8.9.4
[debug] [2018-01-31T08:49:27.469Z] Time:          Wed Jan 31 2018 10:49:27 GMT+0200 (GTB Standard Time)
[debug] [2018-01-31T08:49:27.469Z] ----------------------------------------------------------------------
[debug] 
[debug] [2018-01-31T08:49:27.485Z] > command requires scopes: ["email","openid","https://www.googleapis.com/auth/cloudplatformprojects.readonly","https://www.googleapis.com/auth/firebase","https://www.googleapis.com/auth/cloud-platform"]
[debug] [2018-01-31T08:49:27.485Z] > authorizing via signed-in user
[debug] [2018-01-31T08:49:27.485Z] > refreshing access token with scopes: ["email","https://www.googleapis.com/auth/cloud-platform","https://www.googleapis.com/auth/cloudplatformprojects.readonly","https://www.googleapis.com/auth/firebase","openid"]
[debug] [2018-01-31T08:49:27.485Z] >>> HTTP REQUEST POST https://www.googleapis.com/oauth2/v3/token  
 { refresh_token: '1/nb4pvDbdSfCEtEiQs0xTYlyje7NXj2nadMCDFmUgRBI',
  client_id: '563584335869-fgrhgmd47bqnekij5i8b5pr03ho849e6.apps.googleusercontent.com',
  client_secret: 'j9iVZfS8kkCEFUPaAeJV0sAi',
  grant_type: 'refresh_token',
  scope: 'email https://www.googleapis.com/auth/cloud-platform https://www.googleapis.com/auth/cloudplatformprojects.readonly https://www.googleapis.com/auth/firebase openid' } 
 Wed Jan 31 2018 10:49:27 GMT+0200 (GTB Standard Time)
[debug] [2018-01-31T08:49:27.667Z] <<< HTTP RESPONSE 200
[debug] [2018-01-31T08:49:27.683Z] >>> HTTP REQUEST GET https://admin.firebase.com/v1/projects/weather-pwa-507f4  
  
 Wed Jan 31 2018 10:49:27 GMT+0200 (GTB Standard Time)
[debug] [2018-01-31T08:49:28.595Z] <<< HTTP RESPONSE 200
[debug] [2018-01-31T08:49:28.596Z] >>> HTTP REQUEST GET https://admin.firebase.com/v1/database/weather-pwa-507f4/tokens  
  
 Wed Jan 31 2018 10:49:28 GMT+0200 (GTB Standard Time)
[debug] [2018-01-31T08:49:29.214Z] <<< HTTP RESPONSE 200
[info] 
[info] === Serving from 'C:\Users\ancas\web\weather'...
[info] 
[debug] [2018-01-31T08:49:29.214Z] >>> HTTP REQUEST GET https://cloudresourcemanager.googleapis.com/v1/projects/weather-pwa-507f4  
  
 Wed Jan 31 2018 10:49:29 GMT+0200 (GTB Standard Time)
[debug] [2018-01-31T08:49:30.103Z] <<< HTTP RESPONSE 200
[debug] [2018-01-31T08:49:30.103Z] >>> HTTP REQUEST GET https://mobilesdk-pa.googleapis.com/v1/projects/112467213206/clients/_:getWebAppConfig  
  
 Wed Jan 31 2018 10:49:30 GMT+0200 (GTB Standard Time)
[debug] [2018-01-31T08:49:30.635Z] <<< HTTP RESPONSE 200
[info] i  hosting: Serving hosting files from: app
[info] +  hosting: Local server: http://localhost:5000

[info] Shutting down...
